#-----------------------------------------------------------
# Vivado v2025.2 (64-bit)
# SW Build 6299465 on Fri Nov 14 19:35:11 GMT 2025
# IP Build 6300035 on Fri Nov 14 10:48:45 MST 2025
# SharedData Build 6298862 on Thu Nov 13 04:50:51 MST 2025
# Start of session at: Thu Apr 30 17:38:50 2026
# Process ID         : 19488
# Current directory  : C:/Users/PASTA/Desktop/DE1_Project/LED-PingPong/vivado/PROJECT
# Command line       : vivado.exe -gui_launcher_event rodinguilauncherevent16936 C:\Users\PASTA\Desktop\DE1_Project\LED-PingPong\vivado\PROJECT\PROJECT.xpr
# Log file           : C:/Users/PASTA/Desktop/DE1_Project/LED-PingPong/vivado/PROJECT/vivado.log
# Journal file       : C:/Users/PASTA/Desktop/DE1_Project/LED-PingPong/vivado/PROJECT\vivado.jou
# Running On         : PaStaPC
# Platform           : Windows Server 2016 or Windows 10
# Operating System   : 26200
# Processor Detail   : Intel(R) Core(TM) i9-14900K
# CPU Frequency      : 3187 MHz
# CPU Physical cores : 24
# CPU Logical cores  : 32
# Host memory        : 34115 MB
# Swap memory        : 2147 MB
# Total Virtual      : 36262 MB
# Available Virtual  : 24957 MB
#-----------------------------------------------------------
start_gui
open_project C:/Users/PASTA/Desktop/DE1_Project/LED-PingPong/vivado/PROJECT/PROJECT.xpr
WARNING: [Board 49-26] cannot add Board Part digilentinc.com:arty-s7-25:part0:1.1 available at C:/AMDDesignTools/2025.2/data/boards/board_files\arty-s7-25\E.0\board.xml as part xc7s25csga324-1 specified in board_part file is either invalid or not available
WARNING: [Board 49-26] cannot add Board Part digilentinc.com:arty-s7-50:part0:1.1 available at C:/AMDDesignTools/2025.2/data/boards/board_files\arty-s7-50\B.0\board.xml as part xc7s50csga324-1 specified in board_part file is either invalid or not available
WARNING: [Board 49-26] cannot add Board Part digilentinc.com:arty-z7-10:part0:1.1 available at C:/AMDDesignTools/2025.2/data/boards/board_files\arty-z7-10\A.0\board.xml as part xc7z010clg400-1 specified in board_part file is either invalid or not available
WARNING: [Board 49-26] cannot add Board Part digilentinc.com:arty-z7-20:part0:1.1 available at C:/AMDDesignTools/2025.2/data/boards/board_files\arty-z7-20\A.0\board.xml as part xc7z020clg400-1 specified in board_part file is either invalid or not available
WARNING: [Board 49-26] cannot add Board Part digilentinc.com:cmod-s7-25:part0:1.0 available at C:/AMDDesignTools/2025.2/data/boards/board_files\cmod-s7-25\B.0\board.xml as part xc7s25csga225-1 specified in board_part file is either invalid or not available
WARNING: [Board 49-26] cannot add Board Part digilentinc.com:cora-z7-07s:part0:1.1 available at C:/AMDDesignTools/2025.2/data/boards/board_files\cora-z7-07s\B.0\board.xml as part xc7z007sclg400-1 specified in board_part file is either invalid or not available
WARNING: [Board 49-26] cannot add Board Part digilentinc.com:cora-z7-10:part0:1.1 available at C:/AMDDesignTools/2025.2/data/boards/board_files\cora-z7-10\B.0\board.xml as part xc7z010clg400-1 specified in board_part file is either invalid or not available
WARNING: [Board 49-26] cannot add Board Part digilentinc.com:eclypse-z7:part0:1.0 available at C:/AMDDesignTools/2025.2/data/boards/board_files\eclypse-z7\A.0\board.xml as part xc7z020clg484-1 specified in board_part file is either invalid or not available
WARNING: [Board 49-26] cannot add Board Part digilentinc.com:eclypse-z7:part0:1.1 available at C:/AMDDesignTools/2025.2/data/boards/board_files\eclypse-z7\B.0\board.xml as part xc7z020clg484-1 specified in board_part file is either invalid or not available
WARNING: [Board 49-26] cannot add Board Part digilentinc.com:genesys2:part0:1.1 available at C:/AMDDesignTools/2025.2/data/boards/board_files\genesys2\H\board.xml as part xc7k325tffg900-2 specified in board_part file is either invalid or not available
WARNING: [Board 49-26] cannot add Board Part digilentinc.com:gzu_3eg:part0:1.0 available at C:/AMDDesignTools/2025.2/data/boards/board_files\genesys-zu-3eg\B.0\board.xml as part xczu3eg-sfvc784-1-e specified in board_part file is either invalid or not available
WARNING: [Board 49-26] cannot add Board Part digilentinc.com:gzu_3eg:part0:1.1 available at C:/AMDDesignTools/2025.2/data/boards/board_files\genesys-zu-3eg\D.0\board.xml as part xczu3eg-sfvc784-1-e specified in board_part file is either invalid or not available
WARNING: [Board 49-26] cannot add Board Part digilentinc.com:gzu_5ev:part0:1.1 available at C:/AMDDesignTools/2025.2/data/boards/board_files\genesys-zu-5ev\C.0\board.xml as part xczu5ev-sfvc784-1-e specified in board_part file is either invalid or not available
WARNING: [Board 49-26] cannot add Board Part digilentinc.com:sword:part0:1.0 available at C:/AMDDesignTools/2025.2/data/boards/board_files\sword\C.0\board.xml as part xc7k325tffg900-2 specified in board_part file is either invalid or not available
WARNING: [Board 49-26] cannot add Board Part digilentinc.com:zedboard:part0:1.1 available at C:/AMDDesignTools/2025.2/data/boards/board_files\zedboard\1.3\board.xml as part xc7z020clg484-1 specified in board_part file is either invalid or not available
WARNING: [Board 49-26] cannot add Board Part digilentinc.com:zybo-z7-10:part0:1.2 available at C:/AMDDesignTools/2025.2/data/boards/board_files\zybo-z7-10\A.0\board.xml as part xc7z010clg400-1 specified in board_part file is either invalid or not available
WARNING: [Board 49-26] cannot add Board Part digilentinc.com:zybo-z7-20:part0:1.2 available at C:/AMDDesignTools/2025.2/data/boards/board_files\zybo-z7-20\A.0\board.xml as part xc7z020clg400-1 specified in board_part file is either invalid or not available
WARNING: [Board 49-26] cannot add Board Part digilentinc.com:zybo:part0:1.0 available at C:/AMDDesignTools/2025.2/data/boards/board_files\zybo\B.3\board.xml as part xc7z010clg400-1 specified in board_part file is either invalid or not available
WARNING: [Board 49-26] cannot add Board Part digilentinc.com:zybo:part0:2.0 available at C:/AMDDesignTools/2025.2/data/boards/board_files\zybo\B.4\board.xml as part xc7z010clg400-1 specified in board_part file is either invalid or not available
WARNING: [Board 49-26] cannot add Board Part xilinx.com:emb-plus-vpr-4616:part0:1.0 available at C:/AMDDesignTools/2025.2/data/xhub/boards\XilinxBoardStore\boards\Xilinx\emb-plus-vpr-4616\1.0\board.xml as part xcve2302-sfva784-2mp-e-s specified in board_part file is either invalid or not available
WARNING: [Board 49-26] cannot add Board Part xilinx.com:emb-plus-vpr-4616:part0:1.1 available at C:/AMDDesignTools/2025.2/data/xhub/boards\XilinxBoardStore\boards\Xilinx\emb-plus-vpr-4616\1.1\board.xml as part xcve2302-sfva784-2mp-e-s specified in board_part file is either invalid or not available
WARNING: [Board 49-26] cannot add Board Part xilinx.com:k24c:part0:1.0 available at C:/AMDDesignTools/2025.2/data/xhub/boards\XilinxBoardStore\boards\Xilinx\k24c\1.0\board.xml as part xck24-ubva530-2lv-c specified in board_part file is either invalid or not available
WARNING: [Board 49-26] cannot add Board Part xilinx.com:k24c:part0:1.1 available at C:/AMDDesignTools/2025.2/data/xhub/boards\XilinxBoardStore\boards\Xilinx\k24c\1.1\board.xml as part xck24-ubva530-2lv-c specified in board_part file is either invalid or not available
WARNING: [Board 49-26] cannot add Board Part xilinx.com:k24i:part0:1.0 available at C:/AMDDesignTools/2025.2/data/xhub/boards\XilinxBoardStore\boards\Xilinx\k24i\1.0\board.xml as part xck24-ubva530-2lvi-i specified in board_part file is either invalid or not available
WARNING: [Board 49-26] cannot add Board Part xilinx.com:k26c:part0:1.2 available at C:/AMDDesignTools/2025.2/data/xhub/boards\XilinxBoardStore\boards\Xilinx\k26c\1.2\board.xml as part xck26-sfvc784-2lv-c specified in board_part file is either invalid or not available
WARNING: [Board 49-26] cannot add Board Part xilinx.com:k26c:part0:1.3 available at C:/AMDDesignTools/2025.2/data/xhub/boards\XilinxBoardStore\boards\Xilinx\k26c\1.3\board.xml as part xck26-sfvc784-2lv-c specified in board_part file is either invalid or not available
WARNING: [Board 49-26] cannot add Board Part xilinx.com:k26c:part0:1.4 available at C:/AMDDesignTools/2025.2/data/xhub/boards\XilinxBoardStore\boards\Xilinx\k26c\1.4\board.xml as part xck26-sfvc784-2lv-c specified in board_part file is either invalid or not available
WARNING: [Board 49-26] cannot add Board Part xilinx.com:k26i:part0:1.2 available at C:/AMDDesignTools/2025.2/data/xhub/boards\XilinxBoardStore\boards\Xilinx\k26i\1.2\board.xml as part xck26-sfvc784-2lvi-i specified in board_part file is either invalid or not available
WARNING: [Board 49-26] cannot add Board Part xilinx.com:k26i:part0:1.3 available at C:/AMDDesignTools/2025.2/data/xhub/boards\XilinxBoardStore\boards\Xilinx\k26i\1.3\board.xml as part xck26-sfvc784-2lvi-i specified in board_part file is either invalid or not available
WARNING: [Board 49-26] cannot add Board Part xilinx.com:k26i:part0:1.4 available at C:/AMDDesignTools/2025.2/data/xhub/boards\XilinxBoardStore\boards\Xilinx\k26i\1.4\board.xml as part xck26-sfvc784-2lvi-i specified in board_part file is either invalid or not available
WARNING: [Board 49-26] cannot add Board Part xilinx.com:kc705:part0:1.6 available at C:/AMDDesignTools/2025.2/data/xhub/boards\XilinxBoardStore\boards\Xilinx\kc705\1.6\board.xml as part xc7k325tffg900-2 specified in board_part file is either invalid or not available
WARNING: [Board 49-26] cannot add Board Part xilinx.com:kc705:part0:1.7 available at C:/AMDDesignTools/2025.2/data/xhub/boards\XilinxBoardStore\boards\Xilinx\kc705\1.7\board.xml as part xc7k325tffg900-2 specified in board_part file is either invalid or not available
WARNING: [Board 49-26] cannot add Board Part xilinx.com:kcu105:part0:1.6 available at C:/AMDDesignTools/2025.2/data/xhub/boards\XilinxBoardStore\boards\Xilinx\kcu105\1.6\board.xml as part xcku040-ffva1156-2-e specified in board_part file is either invalid or not available
WARNING: [Board 49-26] cannot add Board Part xilinx.com:kcu105:part0:1.7 available at C:/AMDDesignTools/2025.2/data/xhub/boards\XilinxBoardStore\boards\Xilinx\kcu105\1.7\board.xml as part xcku040-ffva1156-2-e specified in board_part file is either invalid or not available
WARNING: [Board 49-26] cannot add Board Part xilinx.com:kcu116:part0:1.4 available at C:/AMDDesignTools/2025.2/data/xhub/boards\XilinxBoardStore\boards\Xilinx\kcu116\1.4\board.xml as part xcku5p-ffvb676-2-e specified in board_part file is either invalid or not available
WARNING: [Board 49-26] cannot add Board Part xilinx.com:kcu116:part0:1.5 available at C:/AMDDesignTools/2025.2/data/xhub/boards\XilinxBoardStore\boards\Xilinx\kcu116\1.5\board.xml as part xcku5p-ffvb676-2-e specified in board_part file is either invalid or not available
WARNING: [Board 49-26] cannot add Board Part xilinx.com:kcu1500:part0:1.2 available at C:/AMDDesignTools/2025.2/data/xhub/boards\XilinxBoardStore\boards\Xilinx\kcu1500\1.2\board.xml as part xcku115-flvb2104-2-e specified in board_part file is either invalid or not available
WARNING: [Board 49-26] cannot add Board Part xilinx.com:kd240_som:part0:1.0 available at C:/AMDDesignTools/2025.2/data/xhub/boards\XilinxBoardStore\boards\Xilinx\kd240_som\1.0\board.xml as part xck24-ubva530-2lv-c specified in board_part file is either invalid or not available
WARNING: [Board 49-26] cannot add Board Part xilinx.com:kd240_som:part0:1.1 available at C:/AMDDesignTools/2025.2/data/xhub/boards\XilinxBoardStore\boards\Xilinx\kd240_som\1.1\board.xml as part xck24-ubva530-2lv-c specified in board_part file is either invalid or not available
WARNING: [Board 49-26] cannot add Board Part xilinx.com:kr260_som:part0:1.0 available at C:/AMDDesignTools/2025.2/data/xhub/boards\XilinxBoardStore\boards\Xilinx\kr260_som\1.0\board.xml as part xck26-sfvc784-2lv-c specified in board_part file is either invalid or not available
WARNING: [Board 49-26] cannot add Board Part xilinx.com:kr260_som:part0:1.1 available at C:/AMDDesignTools/2025.2/data/xhub/boards\XilinxBoardStore\boards\Xilinx\kr260_som\1.1\board.xml as part xck26-sfvc784-2lv-c specified in board_part file is either invalid or not available
WARNING: [Board 49-26] cannot add Board Part xilinx.com:kv260_som:part0:1.2 available at C:/AMDDesignTools/2025.2/data/xhub/boards\XilinxBoardStore\boards\Xilinx\kv260_som\1.2\board.xml as part xck26-sfvc784-2lv-c specified in board_part file is either invalid or not available
WARNING: [Board 49-26] cannot add Board Part xilinx.com:kv260_som:part0:1.3 available at C:/AMDDesignTools/2025.2/data/xhub/boards\XilinxBoardStore\boards\Xilinx\kv260_som\1.3\board.xml as part xck26-sfvc784-2lv-c specified in board_part file is either invalid or not available
WARNING: [Board 49-26] cannot add Board Part xilinx.com:kv260_som:part0:1.4 available at C:/AMDDesignTools/2025.2/data/xhub/boards\XilinxBoardStore\boards\Xilinx\kv260_som\1.4\board.xml as part xck26-sfvc784-2lv-c specified in board_part file is either invalid or not available
WARNING: [Board 49-26] cannot add Board Part xilinx.com:scu35:part0:1.0 available at C:/AMDDesignTools/2025.2/data/xhub/boards\XilinxBoardStore\boards\Xilinx\scu35\1.0\board.xml as part xcsu35p-sbvb625-2-e specified in board_part file is either invalid or not available
WARNING: [Board 49-26] cannot add Board Part xilinx.com:sp701:part0:1.0 available at C:/AMDDesignTools/2025.2/data/xhub/boards\XilinxBoardStore\boards\Xilinx\sp701\1.0\board.xml as part xc7s100fgga676-2 specified in board_part file is either invalid or not available
WARNING: [Board 49-26] cannot add Board Part xilinx.com:sp701:part0:1.1 available at C:/AMDDesignTools/2025.2/data/xhub/boards\XilinxBoardStore\boards\Xilinx\sp701\1.1\board.xml as part xc7s100fgga676-2 specified in board_part file is either invalid or not available
WARNING: [Board 49-26] cannot add Board Part xilinx.com:v80:part0:1.0 available at C:/AMDDesignTools/2025.2/data/xhub/boards\XilinxBoardStore\boards\Xilinx\v80\1.0\board.xml as part xcv80-lsva4737-2mhp-e-s specified in board_part file is either invalid or not available
WARNING: [Board 49-26] cannot add Board Part xilinx.com:vc707:part0:1.4 available at C:/AMDDesignTools/2025.2/data/xhub/boards\XilinxBoardStore\boards\Xilinx\vc707\1.4\board.xml as part xc7vx485tffg1761-2 specified in board_part file is either invalid or not available
WARNING: [Board 49-26] cannot add Board Part xilinx.com:vc707:part0:1.5 available at C:/AMDDesignTools/2025.2/data/xhub/boards\XilinxBoardStore\boards\Xilinx\vc707\1.5\board.xml as part xc7vx485tffg1761-2 specified in board_part file is either invalid or not available
WARNING: [Board 49-26] cannot add Board Part xilinx.com:vc709:part0:1.8 available at C:/AMDDesignTools/2025.2/data/xhub/boards\XilinxBoardStore\boards\Xilinx\vc709\1.8\board.xml as part xc7vx690tffg1761-2 specified in board_part file is either invalid or not available
WARNING: [Board 49-26] cannot add Board Part xilinx.com:vck190:part0:2.2 available at C:/AMDDesignTools/2025.2/data/xhub/boards\XilinxBoardStore\boards\Xilinx\vck190\production\2.2\board.xml as part xcvc1902-vsva2197-2mp-e-s specified in board_part file is either invalid or not available
WARNING: [Board 49-26] cannot add Board Part xilinx.com:vck190:part0:3.0 available at C:/AMDDesignTools/2025.2/data/xhub/boards\XilinxBoardStore\boards\Xilinx\vck190\production\3.0\board.xml as part xcvc1902-vsva2197-2mp-e-s specified in board_part file is either invalid or not available
WARNING: [Board 49-26] cannot add Board Part xilinx.com:vck190:part0:3.1 available at C:/AMDDesignTools/2025.2/data/xhub/boards\XilinxBoardStore\boards\Xilinx\vck190\production\3.1\board.xml as part xcvc1902-vsva2197-2mp-e-s specified in board_part file is either invalid or not available
WARNING: [Board 49-26] cannot add Board Part xilinx.com:vck190:part0:3.2 available at C:/AMDDesignTools/2025.2/data/xhub/boards\XilinxBoardStore\boards\Xilinx\vck190\production\3.2\board.xml as part xcvc1902-vsva2197-2mp-e-s specified in board_part file is either invalid or not available
WARNING: [Board 49-26] cannot add Board Part xilinx.com:vck190:part0:3.3 available at C:/AMDDesignTools/2025.2/data/xhub/boards\XilinxBoardStore\boards\Xilinx\vck190\production\3.3\board.xml as part xcvc1902-vsva2197-2mp-e-s specified in board_part file is either invalid or not available
WARNING: [Board 49-26] cannot add Board Part xilinx.com:vck190:part0:3.4 available at C:/AMDDesignTools/2025.2/data/xhub/boards\XilinxBoardStore\boards\Xilinx\vck190\production\3.4\board.xml as part xcvc1902-vsva2197-2mp-e-s specified in board_part file is either invalid or not available
WARNING: [Board 49-26] cannot add Board Part xilinx.com:vck190_newl:part0:1.0 available at C:/AMDDesignTools/2025.2/data/xhub/boards\XilinxBoardStore\boards\Xilinx\vck190_newl\production\1.0\board.xml as part xcvc1902-vsva2197-2mp-e-s specified in board_part file is either invalid or not available
WARNING: [Board 49-26] cannot add Board Part xilinx.com:vck190_newl:part0:1.1 available at C:/AMDDesignTools/2025.2/data/xhub/boards\XilinxBoardStore\boards\Xilinx\vck190_newl\production\1.1\board.xml as part xcvc1902-vsva2197-2mp-e-s specified in board_part file is either invalid or not available
WARNING: [Board 49-26] cannot add Board Part xilinx.com:vck190_newl:part0:1.2 available at C:/AMDDesignTools/2025.2/data/xhub/boards\XilinxBoardStore\boards\Xilinx\vck190_newl\production\1.2\board.xml as part xcvc1902-vsva2197-2mp-e-s specified in board_part file is either invalid or not available
WARNING: [Board 49-26] cannot add Board Part xilinx.com:vck190_newl:part0:1.3 available at C:/AMDDesignTools/2025.2/data/xhub/boards\XilinxBoardStore\boards\Xilinx\vck190_newl\production\1.3\board.xml as part xcvc1902-vsva2197-2mp-e-s specified in board_part file is either invalid or not available
WARNING: [Board 49-26] cannot add Board Part xilinx.com:vcu108:part0:1.6 available at C:/AMDDesignTools/2025.2/data/xhub/boards\XilinxBoardStore\boards\Xilinx\vcu108\1.6\board.xml as part xcvu095-ffva2104-2-e specified in board_part file is either invalid or not available
WARNING: [Board 49-26] cannot add Board Part xilinx.com:vcu108:part0:1.7 available at C:/AMDDesignTools/2025.2/data/xhub/boards\XilinxBoardStore\boards\Xilinx\vcu108\1.7\board.xml as part xcvu095-ffva2104-2-e specified in board_part file is either invalid or not available
WARNING: [Board 49-26] cannot add Board Part xilinx.com:vcu110:part0:1.4 available at C:/AMDDesignTools/2025.2/data/xhub/boards\XilinxBoardStore\boards\Xilinx\vcu110\1.4\board.xml as part xcvu190-flgc2104-2-e specified in board_part file is either invalid or not available
WARNING: [Board 49-26] cannot add Board Part xilinx.com:vcu118:part0:2.0 available at C:/AMDDesignTools/2025.2/data/xhub/boards\XilinxBoardStore\boards\Xilinx\vcu118\2.0\board.xml as part xcvu9p-flga2104-2l-e specified in board_part file is either invalid or not available
WARNING: [Board 49-26] cannot add Board Part xilinx.com:vcu118:part0:2.3 available at C:/AMDDesignTools/2025.2/data/xhub/boards\XilinxBoardStore\boards\Xilinx\vcu118\2.3\board.xml as part xcvu9p-flga2104-2l-e specified in board_part file is either invalid or not available
WARNING: [Board 49-26] cannot add Board Part xilinx.com:vcu118:part0:2.4 available at C:/AMDDesignTools/2025.2/data/xhub/boards\XilinxBoardStore\boards\Xilinx\vcu118\2.4\board.xml as part xcvu9p-flga2104-2l-e specified in board_part file is either invalid or not available
WARNING: [Board 49-26] cannot add Board Part xilinx.com:vcu128:part0:1.0 available at C:/AMDDesignTools/2025.2/data/xhub/boards\XilinxBoardStore\boards\Xilinx\vcu128\production\1.0\board.xml as part xcvu37p-fsvh2892-2l-e specified in board_part file is either invalid or not available
WARNING: [Board 49-26] cannot add Board Part xilinx.com:vcu129:part0:1.0 available at C:/AMDDesignTools/2025.2/data/xhub/boards\XilinxBoardStore\boards\Xilinx\vcu129\production\1.0\board.xml as part xcvu29p-fsga2577-2l-e specified in board_part file is either invalid or not available
WARNING: [Board 49-26] cannot add Board Part xilinx.com:vcu1525:part0:1.3 available at C:/AMDDesignTools/2025.2/data/xhub/boards\XilinxBoardStore\boards\Xilinx\vcu1525\1.3\board.xml as part xcvu9p-fsgd2104-2l-e specified in board_part file is either invalid or not available
WARNING: [Board 49-26] cannot add Board Part xilinx.com:vek280:part0:1.0 available at C:/AMDDesignTools/2025.2/data/xhub/boards\XilinxBoardStore\boards\Xilinx\vek280\production\1.0\board.xml as part xcve2802-vsvh1760-2mp-e-s specified in board_part file is either invalid or not available
WARNING: [Board 49-26] cannot add Board Part xilinx.com:vek280:part0:1.1 available at C:/AMDDesignTools/2025.2/data/xhub/boards\XilinxBoardStore\boards\Xilinx\vek280\production\1.1\board.xml as part xcve2802-vsvh1760-2mp-e-s specified in board_part file is either invalid or not available
WARNING: [Board 49-26] cannot add Board Part xilinx.com:vek280:part0:1.2 available at C:/AMDDesignTools/2025.2/data/xhub/boards\XilinxBoardStore\boards\Xilinx\vek280\production\1.2\board.xml as part xcve2802-vsvh1760-2mp-e-s specified in board_part file is either invalid or not available
WARNING: [Board 49-26] cannot add Board Part xilinx.com:vek385:part0:1.0 available at C:/AMDDesignTools/2025.2/data/xhub/boards\XilinxBoardStore\boards\Xilinx\vek385\1.0\board.xml as part xc2ve3858-ssva2112-2mp-e-s specified in board_part file is either invalid or not available
WARNING: [Board 49-26] cannot add Board Part xilinx.com:vek385:part0:1.1 available at C:/AMDDesignTools/2025.2/data/xhub/boards\XilinxBoardStore\boards\Xilinx\vek385\1.1\board.xml as part xc2ve3858-ssva2112-2mp-e-s specified in board_part file is either invalid or not available
WARNING: [Board 49-26] cannot add Board Part xilinx.com:vek385_1:part0:1.0 available at C:/AMDDesignTools/2025.2/data/xhub/boards\XilinxBoardStore\boards\Xilinx\vek385_2\1.0\board.xml as part xc2ve3858-ssva2112-2mp-e-s specified in board_part file is either invalid or not available
WARNING: [Board 49-26] cannot add Board Part xilinx.com:vermeo_t1_mpsoc:part0:1.0 available at C:/AMDDesignTools/2025.2/data/xhub/boards\XilinxBoardStore\boards\Xilinx\vermeo_t1_mpsoc\1.0\board.xml as part xczu19eg-ffvd1760-2l-e specified in board_part file is either invalid or not available
WARNING: [Board 49-26] cannot add Board Part xilinx.com:vermeo_t1_rfsoc:part0:1.0 available at C:/AMDDesignTools/2025.2/data/xhub/boards\XilinxBoardStore\boards\Xilinx\vermeo_t1_rfsoc\1.0\board.xml as part xczu21dr-ffvd1156-2l-e specified in board_part file is either invalid or not available
WARNING: [Board 49-26] cannot add Board Part xilinx.com:vhk158:part0:1.0 available at C:/AMDDesignTools/2025.2/data/xhub/boards\XilinxBoardStore\boards\Xilinx\vhk158\production\1.0\board.xml as part xcvh1582-vsva3697-2mp-e-s specified in board_part file is either invalid or not available
WARNING: [Board 49-26] cannot add Board Part xilinx.com:vhk158:part0:1.1 available at C:/AMDDesignTools/2025.2/data/xhub/boards\XilinxBoardStore\boards\Xilinx\vhk158\production\1.1\board.xml as part xcvh1582-vsva3697-2mp-e-s specified in board_part file is either invalid or not available
WARNING: [Board 49-26] cannot add Board Part xilinx.com:vhk158:part0:1.2 available at C:/AMDDesignTools/2025.2/data/xhub/boards\XilinxBoardStore\boards\Xilinx\vhk158\production\1.2\board.xml as part xcvh1582-vsva3697-2mp-e-s specified in board_part file is either invalid or not available
WARNING: [Board 49-26] cannot add Board Part xilinx.com:vmk180:part0:2.2 available at C:/AMDDesignTools/2025.2/data/xhub/boards\XilinxBoardStore\boards\Xilinx\vmk180\production\2.2\board.xml as part xcvm1802-vsva2197-2mp-e-s specified in board_part file is either invalid or not available
WARNING: [Board 49-26] cannot add Board Part xilinx.com:vmk180:part0:3.0 available at C:/AMDDesignTools/2025.2/data/xhub/boards\XilinxBoardStore\boards\Xilinx\vmk180\production\3.0\board.xml as part xcvm1802-vsva2197-2mp-e-s specified in board_part file is either invalid or not available
WARNING: [Board 49-26] cannot add Board Part xilinx.com:vmk180:part0:3.1 available at C:/AMDDesignTools/2025.2/data/xhub/boards\XilinxBoardStore\boards\Xilinx\vmk180\production\3.1\board.xml as part xcvm1802-vsva2197-2mp-e-s specified in board_part file is either invalid or not available
WARNING: [Board 49-26] cannot add Board Part xilinx.com:vmk180:part0:3.2 available at C:/AMDDesignTools/2025.2/data/xhub/boards\XilinxBoardStore\boards\Xilinx\vmk180\production\3.2\board.xml as part xcvm1802-vsva2197-2mp-e-s specified in board_part file is either invalid or not available
WARNING: [Board 49-26] cannot add Board Part xilinx.com:vmk180:part0:3.3 available at C:/AMDDesignTools/2025.2/data/xhub/boards\XilinxBoardStore\boards\Xilinx\vmk180\production\3.3\board.xml as part xcvm1802-vsva2197-2mp-e-s specified in board_part file is either invalid or not available
WARNING: [Board 49-26] cannot add Board Part xilinx.com:vmk180_newl:part0:1.0 available at C:/AMDDesignTools/2025.2/data/xhub/boards\XilinxBoardStore\boards\Xilinx\vmk180_newl\production\1.0\board.xml as part xcvm1802-vsva2197-2mp-e-s specified in board_part file is either invalid or not available
WARNING: [Board 49-26] cannot add Board Part xilinx.com:vmk180_newl:part0:1.1 available at C:/AMDDesignTools/2025.2/data/xhub/boards\XilinxBoardStore\boards\Xilinx\vmk180_newl\production\1.1\board.xml as part xcvm1802-vsva2197-2mp-e-s specified in board_part file is either invalid or not available
WARNING: [Board 49-26] cannot add Board Part xilinx.com:vpk120:part0:1.0 available at C:/AMDDesignTools/2025.2/data/xhub/boards\XilinxBoardStore\boards\Xilinx\vpk120\production\1.0\board.xml as part xcvp1202-vsva2785-2mp-e-s specified in board_part file is either invalid or not available
WARNING: [Board 49-26] cannot add Board Part xilinx.com:vpk120:part0:1.1 available at C:/AMDDesignTools/2025.2/data/xhub/boards\XilinxBoardStore\boards\Xilinx\vpk120\production\1.1\board.xml as part xcvp1202-vsva2785-2mp-e-s specified in board_part file is either invalid or not available
WARNING: [Board 49-26] cannot add Board Part xilinx.com:vpk120:part0:1.2 available at C:/AMDDesignTools/2025.2/data/xhub/boards\XilinxBoardStore\boards\Xilinx\vpk120\production\1.2\board.xml as part xcvp1202-vsva2785-2mp-e-s specified in board_part file is either invalid or not available
WARNING: [Board 49-26] cannot add Board Part xilinx.com:vpk180:part0:1.0 available at C:/AMDDesignTools/2025.2/data/xhub/boards\XilinxBoardStore\boards\Xilinx\vpk180\production\1.0\board.xml as part xcvp1802-lsvc4072-2mp-e-s specified in board_part file is either invalid or not available
WARNING: [Board 49-26] cannot add Board Part xilinx.com:vpk180:part0:1.1 available at C:/AMDDesignTools/2025.2/data/xhub/boards\XilinxBoardStore\boards\Xilinx\vpk180\production\1.1\board.xml as part xcvp1802-lsvc4072-2mp-e-s specified in board_part file is either invalid or not available
WARNING: [Board 49-26] cannot add Board Part xilinx.com:vpk180:part0:1.2 available at C:/AMDDesignTools/2025.2/data/xhub/boards\XilinxBoardStore\boards\Xilinx\vpk180\production\1.2\board.xml as part xcvp1802-lsvc4072-2mp-e-s specified in board_part file is either invalid or not available
WARNING: [Board 49-26] cannot add Board Part xilinx.com:vrk160:part0:1.0 available at C:/AMDDesignTools/2025.2/data/xhub/boards\XilinxBoardStore\boards\Xilinx\vrk160\1.0\board.xml as part xcvr1602-vsva2488-2mp-e-s-es1 specified in board_part file is either invalid or not available
WARNING: [Board 49-26] cannot add Board Part xilinx.com:vrk160:part0:1.1 available at C:/AMDDesignTools/2025.2/data/xhub/boards\XilinxBoardStore\boards\Xilinx\vrk160\1.1\board.xml as part xcvr1602-vsva2488-2mp-e-s-es1 specified in board_part file is either invalid or not available
WARNING: [Board 49-26] cannot add Board Part xilinx.com:zc702:part0:1.4 available at C:/AMDDesignTools/2025.2/data/xhub/boards\XilinxBoardStore\boards\Xilinx\zc702\1.4\board.xml as part xc7z020clg484-1 specified in board_part file is either invalid or not available
WARNING: [Board 49-26] cannot add Board Part xilinx.com:zc706:part0:1.4 available at C:/AMDDesignTools/2025.2/data/xhub/boards\XilinxBoardStore\boards\Xilinx\zc706\1.4\board.xml as part xc7z045ffg900-2 specified in board_part file is either invalid or not available
WARNING: [Board 49-26] cannot add Board Part xilinx.com:zc706:part0:1.5 available at C:/AMDDesignTools/2025.2/data/xhub/boards\XilinxBoardStore\boards\Xilinx\zc706\1.5\board.xml as part xc7z045ffg900-2 specified in board_part file is either invalid or not available
WARNING: [Board 49-26] cannot add Board Part xilinx.com:zcu102:part0:3.3 available at C:/AMDDesignTools/2025.2/data/xhub/boards\XilinxBoardStore\boards\Xilinx\zcu102\3.3\board.xml as part xczu9eg-ffvb1156-2-e specified in board_part file is either invalid or not available
INFO: [Common 17-14] Message 'Board 49-26' appears 100 times and further instances of the messages will be disabled. Use the Tcl command set_msg_config to change the current settings.
INFO: [Project 1-313] Project file moved from 'E:/VUT/2025-2026/Summer/DE1/DE1_Project/LED-PingPong/vivado/PROJECT' since last save.
INFO: [filemgmt 56-3] Default IP Output Path : Could not find the directory 'C:/Users/PASTA/Desktop/DE1_Project/LED-PingPong/vivado/PROJECT/PROJECT.gen/sources_1'.
WARNING: [filemgmt 56-3] IPUserFilesDir: Could not find the directory 'C:/Users/PASTA/Desktop/DE1_Project/LED-PingPong/vivado/PROJECT/PROJECT.ip_user_files'.
Scanning sources...
Finished scanning sources
INFO: [IP_Flow 19-234] Refreshing IP repositories
INFO: [IP_Flow 19-1704] No user IP repositories specified
INFO: [IP_Flow 19-2313] Loaded Vivado IP repository 'C:/AMDDesignTools/2025.2/Vivado/data/ip'.
open_project: Time (s): cpu = 00:00:12 ; elapsed = 00:00:07 . Memory (MB): peak = 1785.961 ; gain = 318.449
update_compile_order -fileset sources_1
WARNING: [filemgmt 56-199] Attempt to get parsing info during refresh. "On-the-fly" syntax checking information may be incorrect. [C:\Users\PASTA\Desktop\DE1_Project\LED-PingPong\vivado\PROJECT\PROJECT.srcs\sources_1\imports\src\display_driver.vhd:]
WARNING: [filemgmt 56-199] Attempt to get parsing info during refresh. "On-the-fly" syntax checking information may be incorrect. [C:\Users\PASTA\Desktop\DE1_Project\LED-PingPong\vivado\PROJECT\PROJECT.srcs\sources_1\new\PingPong_top.vhd:]
WARNING: [filemgmt 56-199] Attempt to get parsing info during refresh. "On-the-fly" syntax checking information may be incorrect. [C:\Users\PASTA\Desktop\DE1_Project\LED-PingPong\vivado\PROJECT\PROJECT.srcs\sources_1\imports\src\display_driver.vhd:]
WARNING: [filemgmt 56-199] Attempt to get parsing info during refresh. "On-the-fly" syntax checking information may be incorrect. [C:\Users\PASTA\Desktop\DE1_Project\LED-PingPong\vivado\PROJECT\PROJECT.srcs\sources_1\imports\src\display_driver.vhd:]
ERROR: [Common 17-180] Spawn failed: The operation completed successfully.

reset_project
WARNING: [filemgmt 56-199] Attempt to get parsing info during refresh. "On-the-fly" syntax checking information may be incorrect. [C:\Users\PASTA\Desktop\DE1_Project\LED-PingPong\vivado\PROJECT\PROJECT.srcs\sources_1\imports\src\display_driver.vhd:]
WARNING: [filemgmt 56-199] Attempt to get parsing info during refresh. "On-the-fly" syntax checking information may be incorrect. [C:\Users\PASTA\Desktop\DE1_Project\LED-PingPong\vivado\PROJECT\PROJECT.srcs\sources_1\new\PingPong_top.vhd:]
WARNING: [filemgmt 56-199] Attempt to get parsing info during refresh. "On-the-fly" syntax checking information may be incorrect. [C:\Users\PASTA\Desktop\DE1_Project\LED-PingPong\vivado\PROJECT\PROJECT.srcs\sources_1\new\PingPong_top.vhd:]
WARNING: [filemgmt 56-199] Attempt to get parsing info during refresh. "On-the-fly" syntax checking information may be incorrect. [C:\Users\PASTA\Desktop\DE1_Project\LED-PingPong\vivado\PROJECT\PROJECT.srcs\sources_1\new\PingPong_top.vhd:]
WARNING: [filemgmt 56-199] Attempt to get parsing info during refresh. "On-the-fly" syntax checking information may be incorrect. [C:\Users\PASTA\Desktop\DE1_Project\LED-PingPong\vivado\PROJECT\PROJECT.srcs\sources_1\imports\src\display_driver.vhd:]
WARNING: [filemgmt 56-199] Attempt to get parsing info during refresh. "On-the-fly" syntax checking information may be incorrect. [C:\Users\PASTA\Desktop\DE1_Project\LED-PingPong\vivado\PROJECT\PROJECT.srcs\sources_1\imports\new\debounce.vhd:]
WARNING: [filemgmt 56-199] Attempt to get parsing info during refresh. "On-the-fly" syntax checking information may be incorrect. [C:\Users\PASTA\Desktop\DE1_Project\LED-PingPong\vivado\PROJECT\PROJECT.srcs\sources_1\new\PingPong_top.vhd:]
WARNING: [filemgmt 56-199] Attempt to get parsing info during refresh. "On-the-fly" syntax checking information may be incorrect. [C:\Users\PASTA\Desktop\DE1_Project\LED-PingPong\vivado\PROJECT\PROJECT.srcs\sources_1\imports\new\debounce.vhd:]
WARNING: [filemgmt 56-199] Attempt to get parsing info during refresh. "On-the-fly" syntax checking information may be incorrect. [C:\Users\PASTA\Desktop\DE1_Project\LED-PingPong\vivado\PROJECT\PROJECT.srcs\sources_1\imports\new\debounce.vhd:]
WARNING: [filemgmt 56-199] Attempt to get parsing info during refresh. "On-the-fly" syntax checking information may be incorrect. [C:\Users\PASTA\Desktop\DE1_Project\LED-PingPong\vivado\PROJECT\PROJECT.srcs\sources_1\imports\src\display_driver.vhd:]
WARNING: [filemgmt 56-199] Attempt to get parsing info during refresh. "On-the-fly" syntax checking information may be incorrect. [C:\Users\PASTA\Desktop\DE1_Project\LED-PingPong\vivado\PROJECT\PROJECT.srcs\sources_1\imports\new\debounce.vhd:]
WARNING: [filemgmt 56-199] Attempt to get parsing info during refresh. "On-the-fly" syntax checking information may be incorrect. [C:\Users\PASTA\Desktop\DE1_Project\LED-PingPong\vivado\PROJECT\PROJECT.srcs\sources_1\new\PingPong_top.vhd:]
WARNING: [filemgmt 56-199] Attempt to get parsing info during refresh. "On-the-fly" syntax checking information may be incorrect. [C:\Users\PASTA\Desktop\DE1_Project\LED-PingPong\vivado\PROJECT\PROJECT.srcs\sources_1\imports\new\debounce.vhd:]
WARNING: [filemgmt 56-199] Attempt to get parsing info during refresh. "On-the-fly" syntax checking information may be incorrect. [C:\Users\PASTA\Desktop\DE1_Project\LED-PingPong\vivado\PROJECT\PROJECT.srcs\sources_1\imports\new\debounce.vhd:]
ERROR: [Common 17-180] Spawn failed: The operation completed successfully.

launch_simulation
Command: launch_simulation 
INFO: [Vivado 12-25911] Executing simulation for 'XSim' simulator
INFO: [Vivado 12-28535] Process started - Thu Apr 30 17:43:57 2026

INFO: [Vivado 12-12493] Simulation top is 'tb_PingPong_top'
INFO: [Vivado 12-5682] Launching behavioral simulation in 'C:/Users/PASTA/Desktop/DE1_Project/LED-PingPong/vivado/PROJECT/PROJECT.sim/sim_1/behav/xsim'
INFO: [SIM-utils-51] Simulation object is 'sim_1'
INFO: [SIM-utils-72] Using boost library from 'C:/AMDDesignTools/2025.2/Vivado/tps/boost_1_72_0'
INFO: [SIM-utils-54] Inspecting design source files for 'tb_PingPong_top' in fileset 'sim_1'...
INFO: [USF-XSim-97] Finding global include files...
INFO: [USF-XSim-98] Fetching design files from 'sim_1'...
INFO: [USF-XSim-2] XSim::Compile design
INFO: [USF-XSim-61] Executing 'COMPILE and ANALYZE' step in 'C:/Users/PASTA/Desktop/DE1_Project/LED-PingPong/vivado/PROJECT/PROJECT.sim/sim_1/behav/xsim'
"xvhdl --incr --relax -prj tb_PingPong_top_vhdl.prj"
INFO: [VRFC 10-163] Analyzing VHDL file "C:/Users/PASTA/Desktop/DE1_Project/LED-PingPong/vivado/PROJECT/PROJECT.srcs/sources_1/new/PingPong_top.vhd" into library xil_defaultlib
INFO: [VRFC 10-3107] analyzing entity 'PingPong_top'
INFO: [VRFC 10-163] Analyzing VHDL file "C:/Users/PASTA/Desktop/DE1_Project/LED-PingPong/vivado/PROJECT/PROJECT.srcs/sources_1/imports/new/RSFlipFlop.vhd" into library xil_defaultlib
INFO: [VRFC 10-3107] analyzing entity 'RSFlipFlop'
INFO: [VRFC 10-163] Analyzing VHDL file "C:/Users/PASTA/Desktop/DE1_Project/LED-PingPong/vivado/PROJECT/PROJECT.srcs/sources_1/imports/new/bin2seg.vhd" into library xil_defaultlib
INFO: [VRFC 10-3107] analyzing entity 'bin2seg'
INFO: [VRFC 10-163] Analyzing VHDL file "C:/Users/PASTA/Desktop/DE1_Project/LED-PingPong/vivado/PROJECT/PROJECT.srcs/sources_1/imports/new/clk_en.vhd" into library xil_defaultlib
INFO: [VRFC 10-3107] analyzing entity 'clk_en'
INFO: [VRFC 10-163] Analyzing VHDL file "C:/Users/PASTA/Desktop/DE1_Project/LED-PingPong/vivado/PROJECT/PROJECT.srcs/sources_1/imports/src/clk_en2.vhd" into library xil_defaultlib
INFO: [VRFC 10-3107] analyzing entity 'clk_en2'
INFO: [VRFC 10-163] Analyzing VHDL file "C:/Users/PASTA/Desktop/DE1_Project/LED-PingPong/vivado/PROJECT/PROJECT.srcs/sources_1/imports/src/cnt_b_bd.vhd" into library xil_defaultlib
INFO: [VRFC 10-3107] analyzing entity 'cnt_b_bd'
INFO: [VRFC 10-163] Analyzing VHDL file "C:/Users/PASTA/Desktop/DE1_Project/LED-PingPong/vivado/PROJECT/PROJECT.srcs/sources_1/imports/src/cnt_d_bd.vhd" into library xil_defaultlib
INFO: [VRFC 10-3107] analyzing entity 'cnt_d_bd'
INFO: [VRFC 10-163] Analyzing VHDL file "C:/Users/PASTA/Desktop/DE1_Project/LED-PingPong/vivado/PROJECT/PROJECT.srcs/sources_1/imports/new/counter.vhd" into library xil_defaultlib
INFO: [VRFC 10-3107] analyzing entity 'counter'
INFO: [VRFC 10-163] Analyzing VHDL file "C:/Users/PASTA/Desktop/DE1_Project/LED-PingPong/vivado/PROJECT/PROJECT.srcs/sources_1/imports/new/counter10.vhd" into library xil_defaultlib
INFO: [VRFC 10-3107] analyzing entity 'counter10'
INFO: [VRFC 10-163] Analyzing VHDL file "C:/Users/PASTA/Desktop/DE1_Project/LED-PingPong/vivado/PROJECT/PROJECT.srcs/sources_1/imports/new/debounce.vhd" into library xil_defaultlib
INFO: [VRFC 10-3107] analyzing entity 'debounce'
INFO: [VRFC 10-163] Analyzing VHDL file "C:/Users/PASTA/Desktop/DE1_Project/LED-PingPong/vivado/PROJECT/PROJECT.srcs/sources_1/imports/src/display_driver.vhd" into library xil_defaultlib
INFO: [VRFC 10-3107] analyzing entity 'display_driver'
INFO: [VRFC 10-163] Analyzing VHDL file "C:/Users/PASTA/Desktop/DE1_Project/LED-PingPong/vivado/PROJECT/PROJECT.srcs/sim_1/new/PingPong_top_tb.vhd" into library xil_defaultlib
INFO: [VRFC 10-3107] analyzing entity 'tb_PingPong_top'
INFO: [USF-XSim-69] 'compile' step finished in '1' seconds
INFO: [USF-XSim-3] XSim::Elaborate design
INFO: [USF-XSim-61] Executing 'ELABORATE' step in 'C:/Users/PASTA/Desktop/DE1_Project/LED-PingPong/vivado/PROJECT/PROJECT.sim/sim_1/behav/xsim'
"xelab --incr --debug typical --relax --mt 2 -L xil_defaultlib -L secureip --snapshot tb_PingPong_top_behav xil_defaultlib.tb_PingPong_top -log elaborate.log"
Vivado Simulator v2025.2
Copyright 1986-2022 Xilinx, Inc. All Rights Reserved.
Copyright 2022-2025 Advanced Micro Devices, Inc. All Rights Reserved.
Running: C:/AMDDesignTools/2025.2/Vivado/bin/unwrapped/win64.o/xelab.exe --incr --debug typical --relax --mt 2 -L xil_defaultlib -L secureip --snapshot tb_PingPong_top_behav xil_defaultlib.tb_PingPong_top -log elaborate.log 
Using 2 slave threads.
Starting static elaboration
Completed static elaboration
Starting simulation data flow analysis
Completed simulation data flow analysis
Time Resolution for simulation is 1ps
Compiling package std.standard
Compiling package std.textio
Compiling package ieee.std_logic_1164
Compiling package ieee.numeric_std
Compiling architecture behavioral of entity xil_defaultlib.clk_en2 [\clk_en2(g_base_count=100)\]
Compiling architecture behavioral of entity xil_defaultlib.cnt_d_bd [cnt_d_bd_default]
Compiling architecture behavioral of entity xil_defaultlib.cnt_b_bd [cnt_b_bd_default]
Compiling architecture behavioral of entity xil_defaultlib.clk_en [\clk_en(g_max=8)\]
Compiling architecture behavioral of entity xil_defaultlib.counter [counter_default]
Compiling architecture behavioral of entity xil_defaultlib.bin2seg [bin2seg_default]
Compiling architecture behavioral of entity xil_defaultlib.display_driver [display_driver_default]
Compiling architecture behavioral of entity xil_defaultlib.clk_en [\clk_en(g_max=2)\]
Compiling architecture behavioral of entity xil_defaultlib.debounce [debounce_default]
Compiling architecture behavioral of entity xil_defaultlib.RSFlipFlop [rsflipflop_default]
Compiling architecture behavioral of entity xil_defaultlib.counter10 [counter10_default]
Compiling architecture behavioral of entity xil_defaultlib.PingPong_top [pingpong_top_default]
Compiling architecture tb of entity xil_defaultlib.tb_pingpong_top
Built simulation snapshot tb_PingPong_top_behav
INFO: [USF-XSim-69] 'elaborate' step finished in '2' seconds
INFO: [USF-XSim-4] XSim::Simulate design
INFO: [USF-XSim-61] Executing 'SIMULATE' step in 'C:/Users/PASTA/Desktop/DE1_Project/LED-PingPong/vivado/PROJECT/PROJECT.sim/sim_1/behav/xsim'
INFO: [USF-XSim-98] *** Running xsim
   with args "tb_PingPong_top_behav -key {Behavioral:sim_1:Functional:tb_PingPong_top} -tclbatch {tb_PingPong_top.tcl} -view {C:/Users/PASTA/Desktop/DE1_Project/LED-PingPong/vivado/PROJECT/tb_PingPong_top_behav.wcfg} -log {simulate.log}"
INFO: [USF-XSim-8] Loading simulator feature
Time resolution is 1 ps
open_wave_config C:/Users/PASTA/Desktop/DE1_Project/LED-PingPong/vivado/PROJECT/tb_PingPong_top_behav.wcfg
source tb_PingPong_top.tcl
# set curr_wave [current_wave_config]
# if { [string length $curr_wave] == 0 } {
#   if { [llength [get_objects]] > 0} {
#     add_wave /
#     set_property needs_save false [current_wave_config]
#   } else {
#      send_msg_id Add_Wave-1 WARNING "No top level signals found. Simulator will start without a wave window. If you want to open a wave window go to 'File->New Waveform Configuration' or type 'create_wave_config' in the TCL console."
#   }
# }
# run 1000000ns
INFO: [USF-XSim-96] XSim completed. Design snapshot 'tb_PingPong_top_behav' loaded.
INFO: [USF-XSim-97] XSim simulation ran for 1000000ns
launch_simulation: Time (s): cpu = 00:00:04 ; elapsed = 00:00:07 . Memory (MB): peak = 1810.117 ; gain = 24.156
close_sim
INFO: [Simtcl 6-16] Simulation closed
WARNING: [filemgmt 56-199] Attempt to get parsing info during refresh. "On-the-fly" syntax checking information may be incorrect. [C:\Users\PASTA\Desktop\DE1_Project\LED-PingPong\vivado\PROJECT\PROJECT.srcs\sources_1\imports\src\display_driver.vhd:]
WARNING: [filemgmt 56-199] Attempt to get parsing info during refresh. "On-the-fly" syntax checking information may be incorrect. [C:\Users\PASTA\Desktop\DE1_Project\LED-PingPong\vivado\PROJECT\PROJECT.srcs\sources_1\imports\new\debounce.vhd:]
WARNING: [filemgmt 56-199] Attempt to get parsing info during refresh. "On-the-fly" syntax checking information may be incorrect. [C:\Users\PASTA\Desktop\DE1_Project\LED-PingPong\vivado\PROJECT\PROJECT.srcs\sim_1\new\PingPong_top_tb.vhd:]
WARNING: [filemgmt 56-199] Attempt to get parsing info during refresh. "On-the-fly" syntax checking information may be incorrect. [C:\Users\PASTA\Desktop\DE1_Project\LED-PingPong\vivado\PROJECT\PROJECT.srcs\sources_1\new\PingPong_top.vhd:]
WARNING: [filemgmt 56-199] Attempt to get parsing info during refresh. "On-the-fly" syntax checking information may be incorrect. [C:\Users\PASTA\Desktop\DE1_Project\LED-PingPong\vivado\PROJECT\PROJECT.srcs\sources_1\imports\src\display_driver.vhd:]
WARNING: [filemgmt 56-199] Attempt to get parsing info during refresh. "On-the-fly" syntax checking information may be incorrect. [C:\Users\PASTA\Desktop\DE1_Project\LED-PingPong\vivado\PROJECT\PROJECT.srcs\sources_1\imports\src\display_driver.vhd:]
WARNING: [filemgmt 56-199] Attempt to get parsing info during refresh. "On-the-fly" syntax checking information may be incorrect. [C:\Users\PASTA\Desktop\DE1_Project\LED-PingPong\vivado\PROJECT\PROJECT.srcs\sources_1\imports\src\display_driver.vhd:]
WARNING: [filemgmt 56-199] Attempt to get parsing info during refresh. "On-the-fly" syntax checking information may be incorrect. [C:\Users\PASTA\Desktop\DE1_Project\LED-PingPong\vivado\PROJECT\PROJECT.srcs\sources_1\imports\new\debounce.vhd:]
WARNING: [filemgmt 56-199] Attempt to get parsing info during refresh. "On-the-fly" syntax checking information may be incorrect. [C:\Users\PASTA\Desktop\DE1_Project\LED-PingPong\vivado\PROJECT\PROJECT.srcs\sim_1\new\PingPong_top_tb.vhd:]
WARNING: [filemgmt 56-199] Attempt to get parsing info during refresh. "On-the-fly" syntax checking information may be incorrect. [C:\Users\PASTA\Desktop\DE1_Project\LED-PingPong\vivado\PROJECT\PROJECT.srcs\sources_1\new\PingPong_top.vhd:]
WARNING: [filemgmt 56-199] Attempt to get parsing info during refresh. "On-the-fly" syntax checking information may be incorrect. [C:\Users\PASTA\Desktop\DE1_Project\LED-PingPong\vivado\PROJECT\PROJECT.srcs\sources_1\imports\new\debounce.vhd:]
WARNING: [filemgmt 56-199] Attempt to get parsing info during refresh. "On-the-fly" syntax checking information may be incorrect. [C:\Users\PASTA\Desktop\DE1_Project\LED-PingPong\vivado\PROJECT\PROJECT.srcs\sources_1\imports\new\debounce.vhd:]
WARNING: [filemgmt 56-199] Attempt to get parsing info during refresh. "On-the-fly" syntax checking information may be incorrect. [C:\Users\PASTA\Desktop\DE1_Project\LED-PingPong\vivado\PROJECT\PROJECT.srcs\sources_1\imports\src\display_driver.vhd:]
WARNING: [filemgmt 56-199] Attempt to get parsing info during refresh. "On-the-fly" syntax checking information may be incorrect. [C:\Users\PASTA\Desktop\DE1_Project\LED-PingPong\vivado\PROJECT\PROJECT.srcs\sources_1\imports\new\debounce.vhd:]
WARNING: [filemgmt 56-199] Attempt to get parsing info during refresh. "On-the-fly" syntax checking information may be incorrect. [C:\Users\PASTA\Desktop\DE1_Project\LED-PingPong\vivado\PROJECT\PROJECT.srcs\sim_1\new\PingPong_top_tb.vhd:]
WARNING: [filemgmt 56-199] Attempt to get parsing info during refresh. "On-the-fly" syntax checking information may be incorrect. [C:\Users\PASTA\Desktop\DE1_Project\LED-PingPong\vivado\PROJECT\PROJECT.srcs\sources_1\new\PingPong_top.vhd:]
WARNING: [filemgmt 56-199] Attempt to get parsing info during refresh. "On-the-fly" syntax checking information may be incorrect. [C:\Users\PASTA\Desktop\DE1_Project\LED-PingPong\vivado\PROJECT\PROJECT.srcs\sources_1\new\PingPong_top.vhd:]
WARNING: [filemgmt 56-199] Attempt to get parsing info during refresh. "On-the-fly" syntax checking information may be incorrect. [C:\Users\PASTA\Desktop\DE1_Project\LED-PingPong\vivado\PROJECT\PROJECT.srcs\sources_1\new\PingPong_top.vhd:]
launch_simulation
Command: launch_simulation 
INFO: [Vivado 12-25911] Executing simulation for 'XSim' simulator
INFO: [Vivado 12-28535] Process started - Thu Apr 30 17:44:59 2026

INFO: [Vivado 12-12493] Simulation top is 'tb_PingPong_top'
INFO: [Vivado 12-5682] Launching behavioral simulation in 'C:/Users/PASTA/Desktop/DE1_Project/LED-PingPong/vivado/PROJECT/PROJECT.sim/sim_1/behav/xsim'
INFO: [SIM-utils-51] Simulation object is 'sim_1'
INFO: [SIM-utils-72] Using boost library from 'C:/AMDDesignTools/2025.2/Vivado/tps/boost_1_72_0'
INFO: [SIM-utils-54] Inspecting design source files for 'tb_PingPong_top' in fileset 'sim_1'...
INFO: [USF-XSim-97] Finding global include files...
INFO: [USF-XSim-98] Fetching design files from 'sim_1'...
INFO: [USF-XSim-2] XSim::Compile design
INFO: [USF-XSim-61] Executing 'COMPILE and ANALYZE' step in 'C:/Users/PASTA/Desktop/DE1_Project/LED-PingPong/vivado/PROJECT/PROJECT.sim/sim_1/behav/xsim'
"xvhdl --incr --relax -prj tb_PingPong_top_vhdl.prj"
INFO: [VRFC 10-163] Analyzing VHDL file "C:/Users/PASTA/Desktop/DE1_Project/LED-PingPong/vivado/PROJECT/PROJECT.srcs/sim_1/new/PingPong_top_tb.vhd" into library xil_defaultlib
INFO: [VRFC 10-3107] analyzing entity 'tb_PingPong_top'
INFO: [USF-XSim-69] 'compile' step finished in '1' seconds
INFO: [USF-XSim-3] XSim::Elaborate design
INFO: [USF-XSim-61] Executing 'ELABORATE' step in 'C:/Users/PASTA/Desktop/DE1_Project/LED-PingPong/vivado/PROJECT/PROJECT.sim/sim_1/behav/xsim'
"xelab --incr --debug typical --relax --mt 2 -L xil_defaultlib -L secureip --snapshot tb_PingPong_top_behav xil_defaultlib.tb_PingPong_top -log elaborate.log"
Vivado Simulator v2025.2
Copyright 1986-2022 Xilinx, Inc. All Rights Reserved.
Copyright 2022-2025 Advanced Micro Devices, Inc. All Rights Reserved.
Running: C:/AMDDesignTools/2025.2/Vivado/bin/unwrapped/win64.o/xelab.exe --incr --debug typical --relax --mt 2 -L xil_defaultlib -L secureip --snapshot tb_PingPong_top_behav xil_defaultlib.tb_PingPong_top -log elaborate.log 
Using 2 slave threads.
Starting static elaboration
Completed static elaboration
Starting simulation data flow analysis
Completed simulation data flow analysis
Time Resolution for simulation is 1ps
Compiling package std.standard
Compiling package std.textio
Compiling package ieee.std_logic_1164
Compiling package ieee.numeric_std
Compiling architecture behavioral of entity xil_defaultlib.clk_en2 [\clk_en2(g_base_count=100)\]
Compiling architecture behavioral of entity xil_defaultlib.cnt_d_bd [cnt_d_bd_default]
Compiling architecture behavioral of entity xil_defaultlib.cnt_b_bd [cnt_b_bd_default]
Compiling architecture behavioral of entity xil_defaultlib.clk_en [\clk_en(g_max=8)\]
Compiling architecture behavioral of entity xil_defaultlib.counter [counter_default]
Compiling architecture behavioral of entity xil_defaultlib.bin2seg [bin2seg_default]
Compiling architecture behavioral of entity xil_defaultlib.display_driver [display_driver_default]
Compiling architecture behavioral of entity xil_defaultlib.clk_en [\clk_en(g_max=2)\]
Compiling architecture behavioral of entity xil_defaultlib.debounce [debounce_default]
Compiling architecture behavioral of entity xil_defaultlib.RSFlipFlop [rsflipflop_default]
Compiling architecture behavioral of entity xil_defaultlib.counter10 [counter10_default]
Compiling architecture behavioral of entity xil_defaultlib.PingPong_top [pingpong_top_default]
Compiling architecture tb of entity xil_defaultlib.tb_pingpong_top
Built simulation snapshot tb_PingPong_top_behav
INFO: [USF-XSim-69] 'elaborate' step finished in '1' seconds
INFO: [USF-XSim-4] XSim::Simulate design
INFO: [USF-XSim-61] Executing 'SIMULATE' step in 'C:/Users/PASTA/Desktop/DE1_Project/LED-PingPong/vivado/PROJECT/PROJECT.sim/sim_1/behav/xsim'
INFO: [USF-XSim-98] *** Running xsim
   with args "tb_PingPong_top_behav -key {Behavioral:sim_1:Functional:tb_PingPong_top} -tclbatch {tb_PingPong_top.tcl} -view {C:/Users/PASTA/Desktop/DE1_Project/LED-PingPong/vivado/PROJECT/tb_PingPong_top_behav.wcfg} -log {simulate.log}"
INFO: [USF-XSim-8] Loading simulator feature
Time resolution is 1 ps
open_wave_config C:/Users/PASTA/Desktop/DE1_Project/LED-PingPong/vivado/PROJECT/tb_PingPong_top_behav.wcfg
source tb_PingPong_top.tcl
# set curr_wave [current_wave_config]
# if { [string length $curr_wave] == 0 } {
#   if { [llength [get_objects]] > 0} {
#     add_wave /
#     set_property needs_save false [current_wave_config]
#   } else {
#      send_msg_id Add_Wave-1 WARNING "No top level signals found. Simulator will start without a wave window. If you want to open a wave window go to 'File->New Waveform Configuration' or type 'create_wave_config' in the TCL console."
#   }
# }
# run 1000000ns
INFO: [USF-XSim-96] XSim completed. Design snapshot 'tb_PingPong_top_behav' loaded.
INFO: [USF-XSim-97] XSim simulation ran for 1000000ns
close_sim
INFO: [Simtcl 6-16] Simulation closed
WARNING: [filemgmt 56-199] Attempt to get parsing info during refresh. "On-the-fly" syntax checking information may be incorrect. [C:\Users\PASTA\Desktop\DE1_Project\LED-PingPong\vivado\PROJECT\PROJECT.srcs\sources_1\imports\src\display_driver.vhd:]
WARNING: [filemgmt 56-199] Attempt to get parsing info during refresh. "On-the-fly" syntax checking information may be incorrect. [C:\Users\PASTA\Desktop\DE1_Project\LED-PingPong\vivado\PROJECT\PROJECT.srcs\sources_1\imports\new\debounce.vhd:]
WARNING: [filemgmt 56-199] Attempt to get parsing info during refresh. "On-the-fly" syntax checking information may be incorrect. [C:\Users\PASTA\Desktop\DE1_Project\LED-PingPong\vivado\PROJECT\PROJECT.srcs\sim_1\new\PingPong_top_tb.vhd:]
WARNING: [filemgmt 56-199] Attempt to get parsing info during refresh. "On-the-fly" syntax checking information may be incorrect. [C:\Users\PASTA\Desktop\DE1_Project\LED-PingPong\vivado\PROJECT\PROJECT.srcs\sources_1\new\PingPong_top.vhd:]
WARNING: [filemgmt 56-199] Attempt to get parsing info during refresh. "On-the-fly" syntax checking information may be incorrect. [C:\Users\PASTA\Desktop\DE1_Project\LED-PingPong\vivado\PROJECT\PROJECT.srcs\sources_1\imports\new\debounce.vhd:]
WARNING: [filemgmt 56-199] Attempt to get parsing info during refresh. "On-the-fly" syntax checking information may be incorrect. [C:\Users\PASTA\Desktop\DE1_Project\LED-PingPong\vivado\PROJECT\PROJECT.srcs\sources_1\imports\new\debounce.vhd:]
WARNING: [filemgmt 56-199] Attempt to get parsing info during refresh. "On-the-fly" syntax checking information may be incorrect. [C:\Users\PASTA\Desktop\DE1_Project\LED-PingPong\vivado\PROJECT\PROJECT.srcs\sources_1\imports\src\display_driver.vhd:]
WARNING: [filemgmt 56-199] Attempt to get parsing info during refresh. "On-the-fly" syntax checking information may be incorrect. [C:\Users\PASTA\Desktop\DE1_Project\LED-PingPong\vivado\PROJECT\PROJECT.srcs\sources_1\imports\new\debounce.vhd:]
WARNING: [filemgmt 56-199] Attempt to get parsing info during refresh. "On-the-fly" syntax checking information may be incorrect. [C:\Users\PASTA\Desktop\DE1_Project\LED-PingPong\vivado\PROJECT\PROJECT.srcs\sim_1\new\PingPong_top_tb.vhd:]
WARNING: [filemgmt 56-199] Attempt to get parsing info during refresh. "On-the-fly" syntax checking information may be incorrect. [C:\Users\PASTA\Desktop\DE1_Project\LED-PingPong\vivado\PROJECT\PROJECT.srcs\sources_1\new\PingPong_top.vhd:]
WARNING: [filemgmt 56-199] Attempt to get parsing info during refresh. "On-the-fly" syntax checking information may be incorrect. [C:\Users\PASTA\Desktop\DE1_Project\LED-PingPong\vivado\PROJECT\PROJECT.srcs\sources_1\new\PingPong_top.vhd:]
WARNING: [filemgmt 56-199] Attempt to get parsing info during refresh. "On-the-fly" syntax checking information may be incorrect. [C:\Users\PASTA\Desktop\DE1_Project\LED-PingPong\vivado\PROJECT\PROJECT.srcs\sources_1\new\PingPong_top.vhd:]
WARNING: [filemgmt 56-199] Attempt to get parsing info during refresh. "On-the-fly" syntax checking information may be incorrect. [C:\Users\PASTA\Desktop\DE1_Project\LED-PingPong\vivado\PROJECT\PROJECT.srcs\sources_1\imports\src\display_driver.vhd:]
WARNING: [filemgmt 56-199] Attempt to get parsing info during refresh. "On-the-fly" syntax checking information may be incorrect. [C:\Users\PASTA\Desktop\DE1_Project\LED-PingPong\vivado\PROJECT\PROJECT.srcs\sources_1\imports\new\debounce.vhd:]
WARNING: [filemgmt 56-199] Attempt to get parsing info during refresh. "On-the-fly" syntax checking information may be incorrect. [C:\Users\PASTA\Desktop\DE1_Project\LED-PingPong\vivado\PROJECT\PROJECT.srcs\sim_1\new\PingPong_top_tb.vhd:]
WARNING: [filemgmt 56-199] Attempt to get parsing info during refresh. "On-the-fly" syntax checking information may be incorrect. [C:\Users\PASTA\Desktop\DE1_Project\LED-PingPong\vivado\PROJECT\PROJECT.srcs\sources_1\new\PingPong_top.vhd:]
WARNING: [filemgmt 56-199] Attempt to get parsing info during refresh. "On-the-fly" syntax checking information may be incorrect. [C:\Users\PASTA\Desktop\DE1_Project\LED-PingPong\vivado\PROJECT\PROJECT.srcs\sources_1\imports\new\debounce.vhd:]
WARNING: [filemgmt 56-199] Attempt to get parsing info during refresh. "On-the-fly" syntax checking information may be incorrect. [C:\Users\PASTA\Desktop\DE1_Project\LED-PingPong\vivado\PROJECT\PROJECT.srcs\sources_1\imports\new\debounce.vhd:]
WARNING: [filemgmt 56-199] Attempt to get parsing info during refresh. "On-the-fly" syntax checking information may be incorrect. [C:\Users\PASTA\Desktop\DE1_Project\LED-PingPong\vivado\PROJECT\PROJECT.srcs\sources_1\imports\src\display_driver.vhd:]
WARNING: [filemgmt 56-199] Attempt to get parsing info during refresh. "On-the-fly" syntax checking information may be incorrect. [C:\Users\PASTA\Desktop\DE1_Project\LED-PingPong\vivado\PROJECT\PROJECT.srcs\sources_1\imports\new\debounce.vhd:]
WARNING: [filemgmt 56-199] Attempt to get parsing info during refresh. "On-the-fly" syntax checking information may be incorrect. [C:\Users\PASTA\Desktop\DE1_Project\LED-PingPong\vivado\PROJECT\PROJECT.srcs\sim_1\new\PingPong_top_tb.vhd:]
WARNING: [filemgmt 56-199] Attempt to get parsing info during refresh. "On-the-fly" syntax checking information may be incorrect. [C:\Users\PASTA\Desktop\DE1_Project\LED-PingPong\vivado\PROJECT\PROJECT.srcs\sources_1\new\PingPong_top.vhd:]
WARNING: [filemgmt 56-199] Attempt to get parsing info during refresh. "On-the-fly" syntax checking information may be incorrect. [C:\Users\PASTA\Desktop\DE1_Project\LED-PingPong\vivado\PROJECT\PROJECT.srcs\sources_1\imports\src\display_driver.vhd:]
WARNING: [filemgmt 56-199] Attempt to get parsing info during refresh. "On-the-fly" syntax checking information may be incorrect. [C:\Users\PASTA\Desktop\DE1_Project\LED-PingPong\vivado\PROJECT\PROJECT.srcs\sources_1\imports\src\display_driver.vhd:]
WARNING: [filemgmt 56-199] Attempt to get parsing info during refresh. "On-the-fly" syntax checking information may be incorrect. [C:\Users\PASTA\Desktop\DE1_Project\LED-PingPong\vivado\PROJECT\PROJECT.srcs\sources_1\imports\src\display_driver.vhd:]
WARNING: [filemgmt 56-199] Attempt to get parsing info during refresh. "On-the-fly" syntax checking information may be incorrect. [C:\Users\PASTA\Desktop\DE1_Project\LED-PingPong\vivado\PROJECT\PROJECT.srcs\sources_1\imports\new\debounce.vhd:]
WARNING: [filemgmt 56-199] Attempt to get parsing info during refresh. "On-the-fly" syntax checking information may be incorrect. [C:\Users\PASTA\Desktop\DE1_Project\LED-PingPong\vivado\PROJECT\PROJECT.srcs\sim_1\new\PingPong_top_tb.vhd:]
WARNING: [filemgmt 56-199] Attempt to get parsing info during refresh. "On-the-fly" syntax checking information may be incorrect. [C:\Users\PASTA\Desktop\DE1_Project\LED-PingPong\vivado\PROJECT\PROJECT.srcs\sources_1\new\PingPong_top.vhd:]
WARNING: [filemgmt 56-199] Attempt to get parsing info during refresh. "On-the-fly" syntax checking information may be incorrect. [C:\Users\PASTA\Desktop\DE1_Project\LED-PingPong\vivado\PROJECT\PROJECT.srcs\sources_1\imports\new\debounce.vhd:]
WARNING: [filemgmt 56-199] Attempt to get parsing info during refresh. "On-the-fly" syntax checking information may be incorrect. [C:\Users\PASTA\Desktop\DE1_Project\LED-PingPong\vivado\PROJECT\PROJECT.srcs\sources_1\imports\new\debounce.vhd:]
launch_runs impl_1 -to_step write_bitstream -jobs 16
[Thu Apr 30 17:48:31 2026] Launched synth_1...
Run output will be captured here: C:/Users/PASTA/Desktop/DE1_Project/LED-PingPong/vivado/PROJECT/PROJECT.runs/synth_1/runme.log
[Thu Apr 30 17:48:31 2026] Launched impl_1...
Run output will be captured here: C:/Users/PASTA/Desktop/DE1_Project/LED-PingPong/vivado/PROJECT/PROJECT.runs/impl_1/runme.log
synth_design -rtl -rtl_skip_mlo -name rtl_1
Command: synth_design -rtl -rtl_skip_mlo -name rtl_1
Starting synth_design
Using part: xc7a50ticsg324-1L
Top: PingPong_top
INFO: [Device 21-403] Loading part xc7a50ticsg324-1L
INFO: [Synth 8-7079] Multithreading enabled for synth_design using a maximum of 2 processes.
INFO: [Synth 8-7078] Launching helper process for spawning children vivado processes
INFO: [Synth 8-7075] Helper process launched with PID 2860
---------------------------------------------------------------------------------
Starting RTL Elaboration : Time (s): cpu = 00:00:04 ; elapsed = 00:00:03 . Memory (MB): peak = 2507.008 ; gain = 537.477
---------------------------------------------------------------------------------
INFO: [Synth 8-638] synthesizing module 'PingPong_top' [C:/Users/PASTA/Desktop/DE1_Project/LED-PingPong/vivado/PROJECT/PROJECT.srcs/sources_1/new/PingPong_top.vhd:19]
	Parameter G_BASE_COUNT bound to: 4000000 - type: integer 
INFO: [Synth 8-3491] module 'clk_en2' declared at 'C:/Users/PASTA/Desktop/DE1_Project/LED-PingPong/vivado/PROJECT/PROJECT.srcs/sources_1/imports/src/clk_en2.vhd:4' bound to instance 'clock0' of component 'clk_en2' [C:/Users/PASTA/Desktop/DE1_Project/LED-PingPong/vivado/PROJECT/PROJECT.srcs/sources_1/new/PingPong_top.vhd:154]
INFO: [Synth 8-638] synthesizing module 'clk_en2' [C:/Users/PASTA/Desktop/DE1_Project/LED-PingPong/vivado/PROJECT/PROJECT.srcs/sources_1/imports/src/clk_en2.vhd:16]
	Parameter G_BASE_COUNT bound to: 4000000 - type: integer 
INFO: [Synth 8-256] done synthesizing module 'clk_en2' (0#1) [C:/Users/PASTA/Desktop/DE1_Project/LED-PingPong/vivado/PROJECT/PROJECT.srcs/sources_1/imports/src/clk_en2.vhd:16]
INFO: [Synth 8-3491] module 'cnt_d_bd' declared at 'C:/Users/PASTA/Desktop/DE1_Project/LED-PingPong/vivado/PROJECT/PROJECT.srcs/sources_1/imports/src/cnt_d_bd.vhd:4' bound to instance 'game' of component 'cnt_d_bd' [C:/Users/PASTA/Desktop/DE1_Project/LED-PingPong/vivado/PROJECT/PROJECT.srcs/sources_1/new/PingPong_top.vhd:164]
INFO: [Synth 8-638] synthesizing module 'cnt_d_bd' [C:/Users/PASTA/Desktop/DE1_Project/LED-PingPong/vivado/PROJECT/PROJECT.srcs/sources_1/imports/src/cnt_d_bd.vhd:21]
INFO: [Synth 8-256] done synthesizing module 'cnt_d_bd' (0#1) [C:/Users/PASTA/Desktop/DE1_Project/LED-PingPong/vivado/PROJECT/PROJECT.srcs/sources_1/imports/src/cnt_d_bd.vhd:21]
INFO: [Synth 8-3491] module 'cnt_b_bd' declared at 'C:/Users/PASTA/Desktop/DE1_Project/LED-PingPong/vivado/PROJECT/PROJECT.srcs/sources_1/imports/src/cnt_b_bd.vhd:5' bound to instance 'speed' of component 'cnt_b_bd' [C:/Users/PASTA/Desktop/DE1_Project/LED-PingPong/vivado/PROJECT/PROJECT.srcs/sources_1/new/PingPong_top.vhd:179]
INFO: [Synth 8-638] synthesizing module 'cnt_b_bd' [C:/Users/PASTA/Desktop/DE1_Project/LED-PingPong/vivado/PROJECT/PROJECT.srcs/sources_1/imports/src/cnt_b_bd.vhd:15]
INFO: [Synth 8-256] done synthesizing module 'cnt_b_bd' (0#1) [C:/Users/PASTA/Desktop/DE1_Project/LED-PingPong/vivado/PROJECT/PROJECT.srcs/sources_1/imports/src/cnt_b_bd.vhd:15]
INFO: [Synth 8-3491] module 'display_driver' declared at 'C:/Users/PASTA/Desktop/DE1_Project/LED-PingPong/vivado/PROJECT/PROJECT.srcs/sources_1/imports/src/display_driver.vhd:7' bound to instance 'display' of component 'display_driver' [C:/Users/PASTA/Desktop/DE1_Project/LED-PingPong/vivado/PROJECT/PROJECT.srcs/sources_1/new/PingPong_top.vhd:189]
INFO: [Synth 8-638] synthesizing module 'display_driver' [C:/Users/PASTA/Desktop/DE1_Project/LED-PingPong/vivado/PROJECT/PROJECT.srcs/sources_1/imports/src/display_driver.vhd:16]
	Parameter G_MAX bound to: 200000 - type: integer 
INFO: [Synth 8-3491] module 'clk_en' declared at 'C:/Users/PASTA/Desktop/DE1_Project/LED-PingPong/vivado/PROJECT/PROJECT.srcs/sources_1/imports/new/clk_en.vhd:6' bound to instance 'clock_0' of component 'clk_en' [C:/Users/PASTA/Desktop/DE1_Project/LED-PingPong/vivado/PROJECT/PROJECT.srcs/sources_1/imports/src/display_driver.vhd:56]
INFO: [Synth 8-638] synthesizing module 'clk_en' [C:/Users/PASTA/Desktop/DE1_Project/LED-PingPong/vivado/PROJECT/PROJECT.srcs/sources_1/imports/new/clk_en.vhd:15]
	Parameter G_MAX bound to: 200000 - type: integer 
INFO: [Synth 8-256] done synthesizing module 'clk_en' (0#1) [C:/Users/PASTA/Desktop/DE1_Project/LED-PingPong/vivado/PROJECT/PROJECT.srcs/sources_1/imports/new/clk_en.vhd:15]
	Parameter G_BITS bound to: 3 - type: integer 
INFO: [Synth 8-3491] module 'counter' declared at 'C:/Users/PASTA/Desktop/DE1_Project/LED-PingPong/vivado/PROJECT/PROJECT.srcs/sources_1/imports/new/counter.vhd:26' bound to instance 'counter_0' of component 'counter' [C:/Users/PASTA/Desktop/DE1_Project/LED-PingPong/vivado/PROJECT/PROJECT.srcs/sources_1/imports/src/display_driver.vhd:64]
INFO: [Synth 8-638] synthesizing module 'counter' [C:/Users/PASTA/Desktop/DE1_Project/LED-PingPong/vivado/PROJECT/PROJECT.srcs/sources_1/imports/new/counter.vhd:38]
	Parameter G_BITS bound to: 3 - type: integer 
INFO: [Synth 8-256] done synthesizing module 'counter' (0#1) [C:/Users/PASTA/Desktop/DE1_Project/LED-PingPong/vivado/PROJECT/PROJECT.srcs/sources_1/imports/new/counter.vhd:38]
INFO: [Synth 8-226] default block is never used [C:/Users/PASTA/Desktop/DE1_Project/LED-PingPong/vivado/PROJECT/PROJECT.srcs/sources_1/imports/src/display_driver.vhd:79]
WARNING: [Synth 8-614] signal 'data' is read in the process but is not in the sensitivity list [C:/Users/PASTA/Desktop/DE1_Project/LED-PingPong/vivado/PROJECT/PROJECT.srcs/sources_1/imports/src/display_driver.vhd:77]
INFO: [Synth 8-3491] module 'bin2seg' declared at 'C:/Users/PASTA/Desktop/DE1_Project/LED-PingPong/vivado/PROJECT/PROJECT.srcs/sources_1/imports/new/bin2seg.vhd:4' bound to instance 'decoder_0' of component 'bin2seg' [C:/Users/PASTA/Desktop/DE1_Project/LED-PingPong/vivado/PROJECT/PROJECT.srcs/sources_1/imports/src/display_driver.vhd:109]
INFO: [Synth 8-638] synthesizing module 'bin2seg' [C:/Users/PASTA/Desktop/DE1_Project/LED-PingPong/vivado/PROJECT/PROJECT.srcs/sources_1/imports/new/bin2seg.vhd:9]
INFO: [Synth 8-226] default block is never used [C:/Users/PASTA/Desktop/DE1_Project/LED-PingPong/vivado/PROJECT/PROJECT.srcs/sources_1/imports/new/bin2seg.vhd:13]
INFO: [Synth 8-256] done synthesizing module 'bin2seg' (0#1) [C:/Users/PASTA/Desktop/DE1_Project/LED-PingPong/vivado/PROJECT/PROJECT.srcs/sources_1/imports/new/bin2seg.vhd:9]
INFO: [Synth 8-226] default block is never used [C:/Users/PASTA/Desktop/DE1_Project/LED-PingPong/vivado/PROJECT/PROJECT.srcs/sources_1/imports/src/display_driver.vhd:122]
WARNING: [Synth 8-614] signal 'an_enable' is read in the process but is not in the sensitivity list [C:/Users/PASTA/Desktop/DE1_Project/LED-PingPong/vivado/PROJECT/PROJECT.srcs/sources_1/imports/src/display_driver.vhd:120]
INFO: [Synth 8-256] done synthesizing module 'display_driver' (0#1) [C:/Users/PASTA/Desktop/DE1_Project/LED-PingPong/vivado/PROJECT/PROJECT.srcs/sources_1/imports/src/display_driver.vhd:16]
INFO: [Synth 8-3491] module 'debounce' declared at 'C:/Users/PASTA/Desktop/DE1_Project/LED-PingPong/vivado/PROJECT/PROJECT.srcs/sources_1/imports/new/debounce.vhd:6' bound to instance 'upb' of component 'debounce' [C:/Users/PASTA/Desktop/DE1_Project/LED-PingPong/vivado/PROJECT/PROJECT.srcs/sources_1/new/PingPong_top.vhd:200]
INFO: [Synth 8-638] synthesizing module 'debounce' [C:/Users/PASTA/Desktop/DE1_Project/LED-PingPong/vivado/PROJECT/PROJECT.srcs/sources_1/imports/new/debounce.vhd:14]
	Parameter G_MAX bound to: 20000 - type: integer 
INFO: [Synth 8-3491] module 'clk_en' declared at 'C:/Users/PASTA/Desktop/DE1_Project/LED-PingPong/vivado/PROJECT/PROJECT.srcs/sources_1/imports/new/clk_en.vhd:6' bound to instance 'clock_0' of component 'clk_en' [C:/Users/PASTA/Desktop/DE1_Project/LED-PingPong/vivado/PROJECT/PROJECT.srcs/sources_1/imports/new/debounce.vhd:49]
INFO: [Synth 8-638] synthesizing module 'clk_en__parameterized1' [C:/Users/PASTA/Desktop/DE1_Project/LED-PingPong/vivado/PROJECT/PROJECT.srcs/sources_1/imports/new/clk_en.vhd:15]
	Parameter G_MAX bound to: 20000 - type: integer 
INFO: [Synth 8-256] done synthesizing module 'clk_en__parameterized1' (0#1) [C:/Users/PASTA/Desktop/DE1_Project/LED-PingPong/vivado/PROJECT/PROJECT.srcs/sources_1/imports/new/clk_en.vhd:15]
INFO: [Synth 8-256] done synthesizing module 'debounce' (0#1) [C:/Users/PASTA/Desktop/DE1_Project/LED-PingPong/vivado/PROJECT/PROJECT.srcs/sources_1/imports/new/debounce.vhd:14]
INFO: [Synth 8-3491] module 'debounce' declared at 'C:/Users/PASTA/Desktop/DE1_Project/LED-PingPong/vivado/PROJECT/PROJECT.srcs/sources_1/imports/new/debounce.vhd:6' bound to instance 'downb' of component 'debounce' [C:/Users/PASTA/Desktop/DE1_Project/LED-PingPong/vivado/PROJECT/PROJECT.srcs/sources_1/new/PingPong_top.vhd:210]
INFO: [Synth 8-3491] module 'debounce' declared at 'C:/Users/PASTA/Desktop/DE1_Project/LED-PingPong/vivado/PROJECT/PROJECT.srcs/sources_1/imports/new/debounce.vhd:6' bound to instance 'rightb' of component 'debounce' [C:/Users/PASTA/Desktop/DE1_Project/LED-PingPong/vivado/PROJECT/PROJECT.srcs/sources_1/new/PingPong_top.vhd:220]
INFO: [Synth 8-3491] module 'debounce' declared at 'C:/Users/PASTA/Desktop/DE1_Project/LED-PingPong/vivado/PROJECT/PROJECT.srcs/sources_1/imports/new/debounce.vhd:6' bound to instance 'leftb' of component 'debounce' [C:/Users/PASTA/Desktop/DE1_Project/LED-PingPong/vivado/PROJECT/PROJECT.srcs/sources_1/new/PingPong_top.vhd:230]
INFO: [Synth 8-3491] module 'RSFlipFlop' declared at 'C:/Users/PASTA/Desktop/DE1_Project/LED-PingPong/vivado/PROJECT/PROJECT.srcs/sources_1/imports/new/RSFlipFlop.vhd:4' bound to instance 'FlipFlop' of component 'RSFlipFlop' [C:/Users/PASTA/Desktop/DE1_Project/LED-PingPong/vivado/PROJECT/PROJECT.srcs/sources_1/new/PingPong_top.vhd:240]
INFO: [Synth 8-638] synthesizing module 'RSFlipFlop' [C:/Users/PASTA/Desktop/DE1_Project/LED-PingPong/vivado/PROJECT/PROJECT.srcs/sources_1/imports/new/RSFlipFlop.vhd:11]
INFO: [Synth 8-256] done synthesizing module 'RSFlipFlop' (0#1) [C:/Users/PASTA/Desktop/DE1_Project/LED-PingPong/vivado/PROJECT/PROJECT.srcs/sources_1/imports/new/RSFlipFlop.vhd:11]
INFO: [Synth 8-3491] module 'counter10' declared at 'C:/Users/PASTA/Desktop/DE1_Project/LED-PingPong/vivado/PROJECT/PROJECT.srcs/sources_1/imports/new/counter10.vhd:6' bound to instance 'P1L' of component 'counter10' [C:/Users/PASTA/Desktop/DE1_Project/LED-PingPong/vivado/PROJECT/PROJECT.srcs/sources_1/new/PingPong_top.vhd:265]
INFO: [Synth 8-638] synthesizing module 'counter10' [C:/Users/PASTA/Desktop/DE1_Project/LED-PingPong/vivado/PROJECT/PROJECT.srcs/sources_1/imports/new/counter10.vhd:14]
INFO: [Synth 8-256] done synthesizing module 'counter10' (0#1) [C:/Users/PASTA/Desktop/DE1_Project/LED-PingPong/vivado/PROJECT/PROJECT.srcs/sources_1/imports/new/counter10.vhd:14]
INFO: [Synth 8-3491] module 'counter10' declared at 'C:/Users/PASTA/Desktop/DE1_Project/LED-PingPong/vivado/PROJECT/PROJECT.srcs/sources_1/imports/new/counter10.vhd:6' bound to instance 'P1H' of component 'counter10' [C:/Users/PASTA/Desktop/DE1_Project/LED-PingPong/vivado/PROJECT/PROJECT.srcs/sources_1/new/PingPong_top.vhd:274]
INFO: [Synth 8-3491] module 'counter10' declared at 'C:/Users/PASTA/Desktop/DE1_Project/LED-PingPong/vivado/PROJECT/PROJECT.srcs/sources_1/imports/new/counter10.vhd:6' bound to instance 'P2L' of component 'counter10' [C:/Users/PASTA/Desktop/DE1_Project/LED-PingPong/vivado/PROJECT/PROJECT.srcs/sources_1/new/PingPong_top.vhd:284]
INFO: [Synth 8-3491] module 'counter10' declared at 'C:/Users/PASTA/Desktop/DE1_Project/LED-PingPong/vivado/PROJECT/PROJECT.srcs/sources_1/imports/new/counter10.vhd:6' bound to instance 'P2H' of component 'counter10' [C:/Users/PASTA/Desktop/DE1_Project/LED-PingPong/vivado/PROJECT/PROJECT.srcs/sources_1/new/PingPong_top.vhd:293]
INFO: [Synth 8-256] done synthesizing module 'PingPong_top' (0#1) [C:/Users/PASTA/Desktop/DE1_Project/LED-PingPong/vivado/PROJECT/PROJECT.srcs/sources_1/new/PingPong_top.vhd:19]
---------------------------------------------------------------------------------
Finished RTL Elaboration : Time (s): cpu = 00:00:04 ; elapsed = 00:00:04 . Memory (MB): peak = 2617.957 ; gain = 648.426
---------------------------------------------------------------------------------
---------------------------------------------------------------------------------
Start Handling Custom Attributes
---------------------------------------------------------------------------------
---------------------------------------------------------------------------------
Finished Handling Custom Attributes : Time (s): cpu = 00:00:05 ; elapsed = 00:00:04 . Memory (MB): peak = 2617.957 ; gain = 648.426
---------------------------------------------------------------------------------
---------------------------------------------------------------------------------
Finished RTL Optimization Phase 1 : Time (s): cpu = 00:00:05 ; elapsed = 00:00:04 . Memory (MB): peak = 2617.957 ; gain = 648.426
---------------------------------------------------------------------------------
Netlist sorting complete. Time (s): cpu = 00:00:00 ; elapsed = 00:00:00.002 . Memory (MB): peak = 2617.957 ; gain = 0.000
INFO: [Project 1-570] Preparing netlist for logic optimization

Processing XDC Constraints
Initializing timing engine
Parsing XDC File [C:/Users/PASTA/Desktop/DE1_Project/LED-PingPong/vivado/PROJECT/PROJECT.srcs/constrs_1/new/Nexys.xdc]
Finished Parsing XDC File [C:/Users/PASTA/Desktop/DE1_Project/LED-PingPong/vivado/PROJECT/PROJECT.srcs/constrs_1/new/Nexys.xdc]
Completed Processing XDC Constraints

Netlist sorting complete. Time (s): cpu = 00:00:00 ; elapsed = 00:00:00 . Memory (MB): peak = 2720.961 ; gain = 0.000
INFO: [Project 1-111] Unisim Transformation Summary:
No Unisim elements were transformed.

RTL Elaboration Complete:  : Time (s): cpu = 00:00:12 ; elapsed = 00:00:08 . Memory (MB): peak = 2997.859 ; gain = 1028.328
50 Infos, 2 Warnings, 0 Critical Warnings and 0 Errors encountered.
synth_design completed successfully
synth_design: Time (s): cpu = 00:00:13 ; elapsed = 00:00:10 . Memory (MB): peak = 2997.859 ; gain = 1121.805
close_design
reset_project
exit
INFO: [Common 17-206] Exiting Vivado at Thu Apr 30 17:52:59 2026...
